[2018-07-28 22:29:01,308][MainThread:140736079606656][default:INFO(216)]
[Index:checkTableName]:bid:183的表已经存在
[2018-07-28 22:29:13,309][MainThread:140736079606656][default:WARNING(102)]
[Index:get]:'NoneType' object is not iterable
[2018-07-28 22:29:52,583][MainThread:140736079606656][default:INFO(216)]
[Index:checkTableName]:bid:183的表已经存在
[2018-07-28 23:29:50,569][MainThread:140736079606656][default:INFO(216)]
[Index:checkTableName]:bid:183的表已经存在
[2018-07-28 23:29:56,528][MainThread:140736079606656][default:INFO(216)]
[Index:checkTableName]:bid:183的表已经存在
[2018-07-28 23:29:58,542][MainThread:140736079606656][default:WARNING(102)]
[Index:get]:list indices must be integers or slices, not str
[2018-07-28 23:30:51,221][MainThread:140736079606656][default:INFO(216)]
[Index:checkTableName]:bid:183的表已经存在
[2018-07-28 23:31:00,769][MainThread:140736079606656][default:WARNING(102)]
[Index:get]:'count1'
[2018-07-28 23:31:30,516][MainThread:140736079606656][default:INFO(216)]
[Index:checkTableName]:bid:183的表已经存在
[2018-07-28 23:31:42,623][MainThread:140736079606656][default:INFO(187)]
[Index:get]:当前计算日期：2018-07-27<br>当前时间：2018-07-28 23:11:30<br>当前bid：183<br>当前分析器id：249<br>计算分析器名称：2<br>#####start#####循环字方法分析数据##########<br>********************************<br>计算当前的节点名称:频率热度<br>当前计算是：卡券使用频率/倾向--热度<br>默认查询一个星期的卡券操作记录<br>从卡券操作log数据库中取出数据:87896<br>实例化到Pandas中数据有:87896<br>先计算goupby userId,fromType的数据16290<br>领用热度=用户领用/用户注册时间开始的商圈发放的卡卷<br>商圈的所有注册用户数据有:125725<br>商圈的用户领用的数据有:4229<br>商圈的用户数据和领用数据合并后:4229<br>所有卡券数据:127<br>用户数据的注册时间以后的卡券数量数据:4229<br>计算热度后数据：4229<br>商圈的所有注册用户数据有:125725<br>频率热度数据大于0.1并且小于0.3的数据有:383<br>节点的第一个，返回自己的数据:383<br>analysis_coupons_use_hot方法返回来数据条数:383<br>********************************<br>#####end#####循环字方法分析数据##########<br>所有子方法执行后返回来数据条数:383<br>注册用户数据:383<br>微信用户数据:0<br>注册用户数据其中有openid的数据有:384<br>微信数据其中有用户基础数据的有:0<br>微信数据和用户基础数据拼接后:384<br>写入数据库有:384<br>总计执行时间:12.120476961135864秒<br>
[2018-07-28 23:32:52,219][MainThread:140736079606656][default:INFO(216)]
[Index:checkTableName]:bid:183的表已经存在
[2018-07-28 23:37:44,013][MainThread:140736079606656][default:INFO(216)]
[Index:checkTableName]:bid:183的表已经存在
[2018-07-28 23:37:48,656][MainThread:140736079606656][default:INFO(187)]
[Index:get]:当前计算日期：2018-07-27<br>当前时间：2018-07-28 23:11:44<br>当前bid：183<br>当前分析器id：250<br>计算分析器名称：9<br>#####start#####循环字方法分析数据##########<br>********************************<br>计算当前的节点名称:频率热度<br>当前计算是：卡券使用频率/倾向--热度<br>默认查询一个星期的卡券操作记录<br>从卡券操作log数据库中取出数据:87896<br>实例化到Pandas中数据有:87896<br>商圈的所有注册用户数据有:125725<br>频率热度数据有:87896<br>频率热度数据和所有用户数据得出差集就是沉默不用用户数:113009<br>节点的第一个，返回自己的数据:113009<br>analysis_coupons_use_hot方法返回来数据条数:113009<br>********************************<br>#####end#####循环字方法分析数据##########<br>所有子方法执行后返回来数据条数:113009<br>注册用户数据:0<br>微信用户数据:0<br>注册用户数据其中有openid的数据有:0<br>微信数据其中有用户基础数据的有:0<br>微信数据和用户基础数据拼接后:0<br>写入数据库有:0<br>总计执行时间:4.652757883071899秒<br>
[2018-07-28 23:41:24,751][MainThread:140736079606656][default:INFO(216)]
[Index:checkTableName]:bid:183的表已经存在
[2018-07-28 23:41:29,610][MainThread:140736079606656][default:INFO(187)]
[Index:get]:当前计算日期：2018-07-27<br>当前时间：2018-07-28 23:11:24<br>当前bid：183<br>当前分析器id：250<br>计算分析器名称：9<br>#####start#####循环字方法分析数据##########<br>********************************<br>计算当前的节点名称:频率热度<br>当前计算是：卡券使用频率/倾向--热度<br>默认查询一个星期的卡券操作记录<br>从卡券操作log数据库中取出数据:87896<br>实例化到Pandas中数据有:87896<br>商圈的所有注册用户数据有:125725<br>频率热度数据有:12716<br>频率热度数据和所有用户数据得出差集就是沉默不用用户数:113009<br>节点的第一个，返回自己的数据:113009<br>analysis_coupons_use_hot方法返回来数据条数:113009<br>********************************<br>#####end#####循环字方法分析数据##########<br>所有子方法执行后返回来数据条数:113009<br>注册用户数据:0<br>微信用户数据:0<br>注册用户数据其中有openid的数据有:0<br>微信数据其中有用户基础数据的有:0<br>微信数据和用户基础数据拼接后:0<br>写入数据库有:0<br>总计执行时间:4.874238967895508秒<br>
[2018-07-28 23:43:09,461][MainThread:140736079606656][default:INFO(216)]
[Index:checkTableName]:bid:183的表已经存在
[2018-07-28 23:43:21,136][MainThread:140736079606656][default:INFO(187)]
[Index:get]:当前计算日期：2018-07-27<br>当前时间：2018-07-28 23:11:09<br>当前bid：183<br>当前分析器id：251<br>计算分析器名称：88<br>#####start#####循环字方法分析数据##########<br>********************************<br>计算当前的节点名称:频率热度<br>当前计算是：卡券使用频率/倾向--热度<br>默认查询一个星期的卡券操作记录<br>从卡券操作log数据库中取出数据:87896<br>实例化到Pandas中数据有:87896<br>商圈的所有注册用户数据有:125725<br>先计算goupby userId,fromType的数据16290<br>领用热度=用户领用/用户注册时间开始的商圈发放的卡卷<br>商圈的所有注册用户数据有:125725<br>商圈的用户领用的数据有:4229<br>商圈的用户数据和领用数据合并后:4229<br>所有卡券数据:127<br>用户数据的注册时间以后的卡券数量数据:4229<br>计算热度后数据：4229<br>频率热度数据大于0.3并且小于0.5的数据有:175<br>节点的第一个，返回自己的数据:175<br>analysis_coupons_use_hot方法返回来数据条数:175<br>********************************<br>#####end#####循环字方法分析数据##########<br>所有子方法执行后返回来数据条数:175<br>注册用户数据:175<br>微信用户数据:0<br>注册用户数据其中有openid的数据有:175<br>微信数据其中有用户基础数据的有:0<br>微信数据和用户基础数据拼接后:175<br>写入数据库有:175<br>总计执行时间:11.677926301956177秒<br>
[2018-07-28 23:45:32,789][MainThread:140736079606656][default:INFO(216)]
[Index:checkTableName]:bid:183的表已经存在
[2018-07-28 23:45:40,017][MainThread:140736079606656][default:INFO(187)]
[Index:get]:当前计算日期：2018-07-27<br>当前时间：2018-07-28 23:11:32<br>当前bid：183<br>当前分析器id：251<br>计算分析器名称：88<br>#####start#####循环字方法分析数据##########<br>********************************<br>计算当前的节点名称:频率热度<br>当前计算是：卡券使用频率/倾向--热度<br>默认查询一个星期的卡券操作记录<br>从卡券操作log数据库中取出数据:87896<br>实例化到Pandas中数据有:87896<br>商圈的所有注册用户数据有:125725<br>先计算goupby userId,fromType的数据16290<br>使用热度=使用/领用<br>卡券使用的数据12061<br>卡券领用的数据4229<br>使用和领用数据合并后，计算热度，数据量：3574<br>计算热度后数据：3574<br>频率热度数据大于0.3并且小于0.5的数据有:227<br>节点的第一个，返回自己的数据:227<br>analysis_coupons_use_hot方法返回来数据条数:227<br>********************************<br>#####end#####循环字方法分析数据##########<br>所有子方法执行后返回来数据条数:227<br>注册用户数据:227<br>微信用户数据:0<br>注册用户数据其中有openid的数据有:227<br>微信数据其中有用户基础数据的有:0<br>微信数据和用户基础数据拼接后:227<br>写入数据库有:227<br>总计执行时间:7.240669012069702秒<br>
[2018-07-29 19:56:19,514][MainThread:140736079606656][default:INFO(216)]
[Index:checkTableName]:bid:183的表已经存在
[2018-07-29 19:56:41,162][MainThread:140736079606656][default:INFO(187)]
[Index:get]:当前计算日期：2018-07-28<br>当前时间：2018-07-29 19:07:19<br>当前bid：183<br>当前分析器id：252<br>计算分析器名称：1<br>#####start#####循环字方法分析数据##########<br>********************************<br>计算当前的节点名称:业态<br>当前计算是：卡券领用频率/倾向--业态<br>通过业态找到:74个店铺<br>默认查询一个星期的卡券操作记录<br>从卡券操作log数据库中取出数据:11170<br>实例化到Pandas中数据有:11170<br>在选择的店铺业态中国的数据有:852<br>userId去重后数据有:689<br>商圈的所有注册用户数据有:125725<br>所有注册用户与积分来源数据交集后:689<br>节点的第一个，返回自己的数据:689<br>analysis_coupons_receive_yetai方法返回来数据条数:689<br>********************************<br>计算当前的节点名称:卡券来源<br>当前计算是：卡券领用频率/倾向--来源<br>默认查询一个星期的卡券操作记录<br>从卡券操作log数据库中取出数据:11170<br>实例化到Pandas中数据有:11170<br>在选择的卡券来源的数据有:11170<br>userId去重后数据有:4174<br>商圈的所有注册用户数据有:125725<br>所有注册用户与积分来源数据交集后:4174<br>从上一个节点传过来数据:689<br>从上一个节点传过来数据交集后:568<br>analysis_coupons_receive_from方法返回来数据条数:568<br>********************************<br>计算当前的节点名称:频率热度<br>当前计算是：卡券领用频率/倾向--热度<br>默认查询一个星期的卡券操作记录<br>从卡券操作log数据库中取出数据:87896<br>实例化到Pandas中数据有:87896<br>商圈的所有注册用户数据有:125725<br>先计算goupby userId,fromType的数据16290<br>领用热度=用户领用/用户注册时间开始的商圈发放的卡卷<br>商圈的所有注册用户数据有:125725<br>商圈的用户领用的数据有:4229<br>商圈的用户数据和领用数据合并后:4229<br>所有卡券数据:127<br>用户数据的注册时间以后的卡券数量数据:4229<br>计算热度后数据：4229<br>频率热度数据大于0.1并且小于0.3的数据有:383<br>从上一个节点传过来数据:568<br>从上一个节点传过来数据交集后:57<br>analysis_coupons_receive_hot方法返回来数据条数:57<br>********************************<br>#####end#####循环字方法分析数据##########<br>所有子方法执行后返回来数据条数:57<br>注册用户数据:57<br>微信用户数据:0<br>注册用户数据其中有openid的数据有:58<br>微信数据其中有用户基础数据的有:0<br>微信数据和用户基础数据拼接后:58<br>写入数据库有:58<br>总计执行时间:21.673911094665527秒<br>
