[2018-07-29 19:57:54,348][MainThread:140736079606656][default:INFO(216)]
[Index:checkTableName]:bid:183的表已经存在
[2018-07-29 19:58:19,492][MainThread:140736079606656][default:INFO(187)]
[Index:get]:当前计算日期：2018-07-28<br>当前时间：2018-07-29 19:07:54<br>当前bid：183<br>当前分析器id：252<br>计算分析器名称：1<br>#####start#####循环字方法分析数据##########<br>********************************<br>计算当前的节点名称:业态<br>当前计算是：卡券领用频率/倾向--业态<br>通过业态找到:74个店铺<br>默认查询一个星期的卡券操作记录<br>从卡券操作log数据库中取出数据:11170<br>实例化到Pandas中数据有:11170<br>在选择的店铺业态中国的数据有:852<br>userId去重后数据有:689<br>商圈的所有注册用户数据有:125725<br>所有注册用户与积分来源数据交集后:689<br>节点的第一个，返回自己的数据:689<br>analysis_coupons_receive_yetai方法返回来数据条数:689<br>********************************<br>计算当前的节点名称:卡券来源<br>当前计算是：卡券领用频率/倾向--来源<br>默认查询一个星期的卡券操作记录<br>从卡券操作log数据库中取出数据:11170<br>实例化到Pandas中数据有:11170<br>在选择的卡券来源的数据有:11170<br>userId去重后数据有:4174<br>商圈的所有注册用户数据有:125725<br>所有注册用户与积分来源数据交集后:4174<br>从上一个节点传过来数据:689<br>从上一个节点传过来数据交集后:568<br>analysis_coupons_receive_from方法返回来数据条数:568<br>********************************<br>计算当前的节点名称:频率热度<br>当前计算是：卡券领用频率/倾向--热度<br>默认查询一个星期的卡券操作记录<br>从卡券操作log数据库中取出数据:87896<br>实例化到Pandas中数据有:87896<br>商圈的所有注册用户数据有:125725<br>先计算goupby userId,fromType的数据16290<br>领用热度=用户领用/用户注册时间开始的商圈发放的卡卷<br>商圈的所有注册用户数据有:125725<br>商圈的用户领用的数据有:4229<br>商圈的用户数据和领用数据合并后:4229<br>所有卡券数据:127<br>用户数据的注册时间以后的卡券数量数据:4229<br>计算热度后数据：4229<br>频率热度数据大于0.1并且小于0.3的数据有:383<br>从上一个节点传过来数据:568<br>从上一个节点传过来数据交集后:57<br>analysis_coupons_receive_hot方法返回来数据条数:57<br>********************************<br>#####end#####循环字方法分析数据##########<br>所有子方法执行后返回来数据条数:57<br>注册用户数据:57<br>微信用户数据:0<br>注册用户数据其中有openid的数据有:58<br>微信数据其中有用户基础数据的有:0<br>微信数据和用户基础数据拼接后:58<br>写入数据库有:58<br>总计执行时间:25.15907311439514秒<br>
[2018-07-29 20:06:00,445][MainThread:140736079606656][default:INFO(216)]
[Index:checkTableName]:bid:183的表已经存在
[2018-07-29 20:06:00,518][MainThread:140736079606656][default:WARNING(102)]
[Index:get]:must be str, not int
[2018-07-29 20:06:34,296][MainThread:140736079606656][default:INFO(216)]
[Index:checkTableName]:bid:183的表已经存在
[2018-07-29 20:06:34,391][MainThread:140736079606656][default:WARNING(102)]
[Index:get]:(pymysql.err.ProgrammingError) (1064, "You have an error in your SQL syntax; check the manual that corresponds to your MySQL server version for the right syntax to use near 'and indate>=1532016000' at line 1") [SQL: 'select uid from behavior_list where bid=183 and userType=2 and  and indate>=1532016000'] (Background on this error at: http://sqlalche.me/e/f405)
[2018-07-29 20:07:33,677][MainThread:140736079606656][default:INFO(216)]
[Index:checkTableName]:bid:183的表已经存在
[2018-07-29 20:07:33,716][MainThread:140736079606656][default:WARNING(102)]
[Index:get]:(pymysql.err.ProgrammingError) (1146, "Table 'shopmall_conduct.behavior_list' doesn't exist") [SQL: 'select uid from behavior_list where bid=183 and userType=2 and  indate>=1532016000'] (Background on this error at: http://sqlalche.me/e/f405)
[2018-07-29 20:07:59,209][MainThread:140736079606656][default:INFO(216)]
[Index:checkTableName]:bid:183的表已经存在
[2018-07-29 20:27:01,561][MainThread:140736079606656][default:INFO(216)]
[Index:checkTableName]:bid:183的表已经存在
[2018-07-29 20:27:10,044][MainThread:140736079606656][default:INFO(216)]
[Index:checkTableName]:bid:183的表已经存在
[2018-07-29 20:27:17,377][MainThread:140736079606656][default:WARNING(102)]
[Index:get]:'userId'
[2018-07-29 20:27:56,579][MainThread:140736079606656][default:INFO(216)]
[Index:checkTableName]:bid:183的表已经存在
[2018-07-29 20:33:45,706][MainThread:140736079606656][default:INFO(216)]
[Index:checkTableName]:bid:183的表已经存在
[2018-07-29 20:35:59,459][MainThread:140736079606656][default:INFO(216)]
[Index:checkTableName]:bid:183的表已经存在
[2018-07-29 20:38:47,939][MainThread:140736079606656][default:INFO(216)]
[Index:checkTableName]:bid:183的表已经存在
[2018-07-29 20:40:50,939][MainThread:140736079606656][default:INFO(216)]
[Index:checkTableName]:bid:183的表已经存在
[2018-07-29 20:43:31,708][MainThread:140736079606656][default:INFO(216)]
[Index:checkTableName]:bid:183的表已经存在
[2018-07-29 20:43:40,876][MainThread:140736079606656][default:INFO(216)]
[Index:checkTableName]:bid:183的表已经存在
[2018-07-29 20:47:31,435][MainThread:140736079606656][default:INFO(216)]
[Index:checkTableName]:bid:183的表已经存在
[2018-07-29 20:47:45,329][MainThread:140736079606656][default:INFO(216)]
[Index:checkTableName]:bid:183的表已经存在
[2018-07-29 20:50:09,826][MainThread:140736079606656][default:INFO(216)]
[Index:checkTableName]:bid:183的表已经存在
[2018-07-29 20:50:17,444][MainThread:140736079606656][default:INFO(216)]
[Index:checkTableName]:bid:183的表已经存在
[2018-07-29 20:51:42,988][MainThread:140736079606656][default:INFO(216)]
[Index:checkTableName]:bid:183的表已经存在
[2018-07-29 20:59:11,247][MainThread:140736079606656][default:INFO(216)]
[Index:checkTableName]:bid:183的表已经存在
[2018-07-29 20:59:23,539][MainThread:140736079606656][default:INFO(187)]
[Index:get]:当前计算日期：2018-07-28<br>当前时间：2018-07-29 20:08:11<br>当前bid：183<br>当前分析器id：254<br>计算分析器名称：1<br>#####start#####循环字方法分析数据##########<br>********************************<br>计算当前的节点名称:高活<br>当前计算是：微信活跃<br>所有活跃数据:200000<br>通过uid去重后数据:5481<br>所有已经关注的数据:52964<br>活跃度数据大于-1的数据有:5043<br>商圈的所有注册用户数据有:125725<br>微信数据于用户数据局交集后:5040<br>节点的第一个，返回自己的数据:5040<br>analysis_active_weixin方法返回来数据条数:5040<br>********************************<br>#####end#####循环字方法分析数据##########<br>所有子方法执行后返回来数据条数:5040<br>注册用户数据:5040<br>微信用户数据:0<br>注册用户数据其中有openid的数据有:5066<br>微信数据其中有用户基础数据的有:0<br>微信数据和用户基础数据拼接后:5066<br>写入数据库有:5066<br>总计执行时间:12.313700914382935秒<br>
[2018-07-29 21:00:57,737][MainThread:140736079606656][default:INFO(216)]
[Index:checkTableName]:bid:183的表已经存在
[2018-07-29 21:01:07,000][MainThread:140736079606656][default:WARNING(102)]
[Index:get]:'userId'
[2018-07-29 21:03:15,459][MainThread:140736079606656][default:INFO(216)]
[Index:checkTableName]:bid:183的表已经存在
[2018-07-29 21:03:30,634][MainThread:140736079606656][default:WARNING(102)]
[Index:get]:'userId'
[2018-07-29 21:04:08,706][MainThread:140736079606656][default:INFO(216)]
[Index:checkTableName]:bid:183的表已经存在
[2018-07-29 21:04:28,820][MainThread:140736079606656][default:WARNING(102)]
[Index:get]:'userId'
[2018-07-29 21:07:12,141][MainThread:140736079606656][default:INFO(216)]
[Index:checkTableName]:bid:183的表已经存在
[2018-07-29 21:07:50,286][MainThread:140736079606656][default:INFO(216)]
[Index:checkTableName]:bid:183的表已经存在
[2018-07-29 21:07:55,887][MainThread:140736079606656][default:INFO(216)]
[Index:checkTableName]:bid:183的表已经存在
[2018-07-29 21:08:23,781][MainThread:140736079606656][default:INFO(187)]
[Index:get]:当前计算日期：2018-07-28<br>当前时间：2018-07-29 21:09:55<br>当前bid：183<br>当前分析器id：255<br>计算分析器名称：2<br>#####start#####循环字方法分析数据##########<br>********************************<br>计算当前的节点名称:沉默<br>当前计算是：微信活跃<br>所有活跃数据:200000<br>通过uid去重后数据:5481<br>所有已经关注的数据:52964<br>活跃数据有:5481<br>活跃微信用户数据和所有微信用户数据得出差集就是沉默不用用户数:48359<br>商圈的所有注册用户数据有:125725<br>微信数据于用户数据交集后:47335<br>节点的第一个，返回自己的数据:47335<br>analysis_active_weixin方法返回来数据条数:47335<br>********************************<br>#####end#####循环字方法分析数据##########<br>所有子方法执行后返回来数据条数:47335<br>注册用户数据:47335<br>微信用户数据:0<br>注册用户数据其中有openid的数据有:47581<br>微信数据其中有用户基础数据的有:0<br>微信数据和用户基础数据拼接后:47581<br>写入数据库有:47581<br>总计执行时间:27.910181045532227秒<br>
[2018-07-29 21:11:14,237][MainThread:140736079606656][default:INFO(216)]
[Index:checkTableName]:bid:183的表已经存在
[2018-07-29 21:11:26,071][MainThread:140736079606656][default:INFO(187)]
[Index:get]:当前计算日期：2018-07-28<br>当前时间：2018-07-29 21:09:14<br>当前bid：183<br>当前分析器id：256<br>计算分析器名称：88<br>#####start#####循环字方法分析数据##########<br>********************************<br>计算当前的节点名称:中活<br>当前计算是：微信活跃<br>所有活跃数据:200000<br>通过uid去重后数据:5481<br>所有已经关注的数据:52964<br>活跃度数据大于2并且小于5的数据有:29<br>商圈的所有注册用户数据有:125725<br>微信数据于用户数据交集后:29<br>节点的第一个，返回自己的数据:29<br>analysis_active_weixin方法返回来数据条数:29<br>********************************<br>#####end#####循环字方法分析数据##########<br>所有子方法执行后返回来数据条数:29<br>注册用户数据:29<br>微信用户数据:0<br>注册用户数据其中有openid的数据有:29<br>微信数据其中有用户基础数据的有:0<br>微信数据和用户基础数据拼接后:29<br>写入数据库有:29<br>总计执行时间:11.836731195449829秒<br>
[2018-07-29 23:20:47,045][MainThread:140736079606656][default:INFO(216)]
[Index:checkTableName]:bid:183的表已经存在
[2018-07-29 23:21:05,479][MainThread:140736079606656][default:INFO(187)]
[Index:get]:当前计算日期：2018-07-28<br>当前时间：2018-07-29 23:11:47<br>当前bid：183<br>当前分析器id：257<br>计算分析器名称：4<br>#####start#####循环字方法分析数据##########<br>********************************<br>计算当前的节点名称:沉默<br>当前计算是：组件--活跃<br>所有活跃数据:0<br>通过uid去重后数据:0<br>所有已经关注的数据:52964<br>活跃数据有:0<br>活跃微信用户数据和所有微信用户数据得出差集就是沉默不用用户数:52964<br>商圈的所有注册用户数据有:125725<br>微信数据于用户数据交集后:52375<br>节点的第一个，返回自己的数据:52375<br>analysis_active_component方法返回来数据条数:52375<br>********************************<br>#####end#####循环字方法分析数据##########<br>所有子方法执行后返回来数据条数:52375<br>注册用户数据:52375<br>微信用户数据:0<br>注册用户数据其中有openid的数据有:52647<br>微信数据其中有用户基础数据的有:0<br>微信数据和用户基础数据拼接后:52647<br>写入数据库有:52647<br>总计执行时间:18.452143907546997秒<br>
[2018-07-29 23:22:02,532][MainThread:140736079606656][default:INFO(216)]
[Index:checkTableName]:bid:183的表已经存在
[2018-07-29 23:22:25,411][MainThread:140736079606656][default:INFO(187)]
[Index:get]:当前计算日期：2018-07-28<br>当前时间：2018-07-29 23:11:02<br>当前bid：183<br>当前分析器id：257<br>计算分析器名称：4<br>#####start#####循环字方法分析数据##########<br>********************************<br>计算当前的节点名称:沉默<br>当前计算是：组件--活跃<br>所有活跃数据:200000<br>通过uid去重后数据:5481<br>所有已经关注的数据:52964<br>活跃数据有:5481<br>活跃微信用户数据和所有微信用户数据得出差集就是沉默不用用户数:48359<br>商圈的所有注册用户数据有:125725<br>微信数据于用户数据交集后:47335<br>节点的第一个，返回自己的数据:47335<br>analysis_active_component方法返回来数据条数:47335<br>********************************<br>#####end#####循环字方法分析数据##########<br>所有子方法执行后返回来数据条数:47335<br>注册用户数据:47335<br>微信用户数据:0<br>注册用户数据其中有openid的数据有:47581<br>微信数据其中有用户基础数据的有:0<br>微信数据和用户基础数据拼接后:47581<br>写入数据库有:47581<br>总计执行时间:22.8922119140625秒<br>
[2018-07-29 23:23:13,126][MainThread:140736079606656][default:INFO(216)]
[Index:checkTableName]:bid:183的表已经存在
[2018-07-29 23:23:17,825][MainThread:140736079606656][default:WARNING(102)]
[Index:get]:'min'
[2018-07-29 23:24:41,369][MainThread:140736079606656][default:INFO(216)]
[Index:checkTableName]:bid:183的表已经存在
[2018-07-29 23:24:50,617][MainThread:140736079606656][default:WARNING(102)]
[Index:get]:'userId'
[2018-07-29 23:30:50,795][MainThread:140736079606656][default:INFO(216)]
[Index:checkTableName]:bid:183的表已经存在
[2018-07-29 23:31:08,309][MainThread:140736079606656][default:INFO(187)]
[Index:get]:当前计算日期：2018-07-28<br>当前时间：2018-07-29 23:11:50<br>当前bid：183<br>当前分析器id：258<br>计算分析器名称：4<br>#####start#####循环字方法分析数据##########<br>********************************<br>计算当前的节点名称:3月<br>当前计算是：组件--活跃 日期 区间<br>所有活跃数据:200000<br>通过uid去重后数据:5481<br>所有已经关注的数据:52964<br>活跃数据于微信用户数据交集后数据有:5043<br>所有已经关注的数据:52964<br>商圈的所有注册用户数据有:125725<br>微信数据于用户数据交集后:5040<br>节点的第一个，返回自己的数据:5040<br>analysis_component_active_date方法返回来数据条数:5040<br>********************************<br>#####end#####循环字方法分析数据##########<br>所有子方法执行后返回来数据条数:5040<br>注册用户数据:5040<br>微信用户数据:0<br>注册用户数据其中有openid的数据有:5066<br>微信数据其中有用户基础数据的有:0<br>微信数据和用户基础数据拼接后:5066<br>写入数据库有:5066<br>总计执行时间:17.533404111862183秒<br>
