[2018-07-31 14:57:00,249][MainThread:140736040833920][default:INFO(216)]
[Index:checkTableName]:bid:183的表已经存在
[2018-07-31 14:57:03,840][MainThread:140736040833920][default:WARNING(102)]
[Index:get]:'userId'
[2018-07-31 14:57:33,989][MainThread:140736040833920][default:INFO(216)]
[Index:checkTableName]:bid:183的表已经存在
[2018-07-31 14:58:03,264][MainThread:140736040833920][default:INFO(187)]
[Index:get]:当前计算日期：2018-07-30<br>当前时间：2018-07-31 14:02:33<br>当前bid：183<br>当前分析器id：267<br>计算分析器名称：2<br>#####start#####循环字方法分析数据##########<br>********************************<br>计算当前的节点名称:3月<br>当前计算是：时间区间--停车场<br>取数据时间：2018-04-30<br>从数据库中取出数据:185670<br>实例化到Pandas中数据有:185670<br>uid去重后活跃数据有:25125<br>所有已经关注微信的数据:52964<br>停车场数据于微信用户数据交集后数据有:54439<br>所有用户数据:125725<br>停车场数据于用户数据交集后:54426<br>节点的第一个，返回自己的数据:54426<br>analysis_park_date方法返回来数据条数:54426<br>********************************<br>#####end#####循环字方法分析数据##########<br>所有子方法执行后返回来数据条数:54426<br>注册用户数据:54426<br>微信用户数据:0<br>注册用户数据其中有openid的数据有:54732<br>微信数据其中有用户基础数据的有:0<br>微信数据和用户基础数据拼接后:54732<br>写入数据库有:54732<br>总计执行时间:29.289833068847656秒<br>
[2018-07-31 14:58:03,307][MainThread:140736040833920][default:INFO(216)]
[Index:checkTableName]:bid:183的表已经存在
[2018-07-31 14:58:35,545][MainThread:140736040833920][default:INFO(187)]
[Index:get]:当前计算日期：2018-07-30<br>当前时间：2018-07-31 14:02:03<br>当前bid：183<br>当前分析器id：267<br>计算分析器名称：2<br>#####start#####循环字方法分析数据##########<br>********************************<br>计算当前的节点名称:3月<br>当前计算是：时间区间--停车场<br>取数据时间：2018-04-30<br>从数据库中取出数据:185670<br>实例化到Pandas中数据有:185670<br>uid去重后活跃数据有:25125<br>所有已经关注微信的数据:52964<br>停车场数据于微信用户数据交集后数据有:54439<br>所有用户数据:125725<br>停车场数据于用户数据交集后:54426<br>节点的第一个，返回自己的数据:54426<br>analysis_park_date方法返回来数据条数:54426<br>********************************<br>#####end#####循环字方法分析数据##########<br>所有子方法执行后返回来数据条数:54426<br>注册用户数据:54426<br>微信用户数据:0<br>注册用户数据其中有openid的数据有:54732<br>微信数据其中有用户基础数据的有:0<br>微信数据和用户基础数据拼接后:54732<br>写入数据库有:54732<br>总计执行时间:32.239081144332886秒<br>
[2018-07-31 15:09:00,448][MainThread:140736040833920][default:INFO(216)]
[Index:checkTableName]:bid:183的表已经存在
[2018-07-31 15:09:00,519][MainThread:140736040833920][default:WARNING(102)]
[Index:get]:(pymysql.err.ProgrammingError) (1146, "Table 'shopmall_main_db.order_list' doesn't exist") [SQL: 'select userId from order_list where bid=183 and indate>=1525017600'] (Background on this error at: http://sqlalche.me/e/f405)
[2018-07-31 15:09:20,417][MainThread:140736040833920][default:INFO(216)]
[Index:checkTableName]:bid:183的表已经存在
[2018-07-31 15:09:28,575][MainThread:140736040833920][default:INFO(187)]
[Index:get]:当前计算日期：2018-07-30<br>当前时间：2018-07-31 15:03:20<br>当前bid：183<br>当前分析器id：268<br>计算分析器名称：222<br>#####start#####循环字方法分析数据##########<br>********************************<br>计算当前的节点名称:3月<br>当前计算是：时间区间--pos<br>取数据时间：2018-04-30<br>从数据库中取出数据:306<br>实例化到Pandas中数据有:306<br>userId去重后活跃数据有:81<br>所有用户数据:125725<br>pos数据于用户数据交集后:3<br>节点的第一个，返回自己的数据:3<br>analysis_pos_date方法返回来数据条数:3<br>********************************<br>#####end#####循环字方法分析数据##########<br>所有子方法执行后返回来数据条数:3<br>注册用户数据:3<br>微信用户数据:0<br>注册用户数据其中有openid的数据有:3<br>微信数据其中有用户基础数据的有:0<br>微信数据和用户基础数据拼接后:3<br>写入数据库有:3<br>总计执行时间:8.172258138656616秒<br>
[2018-07-31 15:15:03,579][MainThread:140736040833920][default:INFO(216)]
[Index:checkTableName]:bid:183的表已经存在
[2018-07-31 15:20:50,499][MainThread:140736040833920][default:INFO(216)]
[Index:checkTableName]:bid:183的表已经存在
[2018-07-31 15:20:50,583][MainThread:140736040833920][default:WARNING(102)]
[Index:get]:(pymysql.err.InternalError) (1305, 'FUNCTION shopmall_main_db.183and does not exist') [SQL: 'select userId from online_order_list where bid=183and (sid in (3599,3600,3601,3606))'] (Background on this error at: http://sqlalche.me/e/2j85)
[2018-07-31 15:21:01,592][MainThread:140736040833920][default:INFO(216)]
[Index:checkTableName]:bid:183的表已经存在
[2018-07-31 15:21:01,657][MainThread:140736040833920][default:WARNING(102)]
[Index:get]:2 columns passed, passed data had 1 columns
[2018-07-31 15:21:30,204][MainThread:140736040833920][default:INFO(216)]
[Index:checkTableName]:bid:183的表已经存在
[2018-07-31 15:21:33,540][MainThread:140736040833920][default:INFO(115)]
[Index:get]:当前计算日期：2018-07-30<br>当前时间：2018-07-31 15:03:30<br>当前bid：183<br>当前分析器id：269<br>计算分析器名称：33<br>#####start#####循环字方法分析数据##########<br>********************************<br>计算当前的节点名称:店铺<br>当前计算是：店铺--pos<br>从数据库中取出数据:511<br>实例化到Pandas中数据有:511<br>在选择的店铺pos的数据有:7<br>userId去重后活跃数据有:3<br>所有用户数据:125725<br>pos数据于用户数据交集后:0<br>节点的第一个，返回自己的数据:0<br>analysis_pos_shops方法返回来数据条数:0<br>********************************<br>#####end#####循环字方法分析数据##########<br>所有子方法执行后返回来数据条数:0<br>所有计算完事后返回数据是空总计执行时间:3.349648952484131秒<br>
[2018-07-31 15:46:24,441][MainThread:140736040833920][default:INFO(218)]
[Index:checkTableName]:bid:183的表已经存在
[2018-07-31 15:46:27,143][MainThread:140736040833920][default:INFO(114)]
[Index:get]:当前计算日期：2018-07-30<br>当前时间：2018-07-31 15:03:24<br>当前bid：183<br>当前分析器id：269<br>计算分析器名称：33<br>#####start#####循环字方法分析数据##########<br>********************************<br>计算当前的节点名称:店铺<br>当前计算是：店铺--pos<br>从数据库中取出数据:511<br>实例化到Pandas中数据有:511<br>在选择的店铺pos的数据有:7<br>userId去重后活跃数据有:3<br>所有用户数据:125725<br>pos数据于用户数据交集后:0<br>节点的第一个，返回自己的数据:0<br>analysis_pos_shops方法返回来数据条数:0<br>********************************<br>#####end#####循环字方法分析数据##########<br>所有子方法执行后返回来数据条数:0<br>所有计算完事后返回数据是空总计执行时间:2.7128710746765137秒<br>
[2018-07-31 15:47:09,156][MainThread:140736040833920][default:INFO(219)]
[Index:checkTableName]:bid:183的表已经存在
[2018-07-31 15:47:12,115][MainThread:140736040833920][default:INFO(114)]
[Index:get]:当前计算日期：2018-07-30<br>当前时间：2018-07-31 15:03:09<br>当前bid：183<br>当前分析器id：269<br>计算分析器名称：33<br>#####start#####循环字方法分析数据##########<br>********************************<br>计算当前的节点名称:店铺<br>当前计算是：店铺--pos<br>从数据库中取出数据:511<br>实例化到Pandas中数据有:511<br>在选择的店铺pos的数据有:7<br>userId去重后活跃数据有:3<br>所有用户数据:125725<br>pos数据于用户数据交集后:0<br>节点的第一个，返回自己的数据:0<br>analysis_pos_shops方法返回来数据条数:0<br>********************************<br>#####end#####循环字方法分析数据##########<br>所有子方法执行后返回来数据条数:0<br>所有计算完事后返回数据是空总计执行时间:2.9672439098358154秒<br>
[2018-07-31 15:49:32,393][MainThread:140736040833920][default:INFO(219)]
[Index:checkTableName]:bid:183的表已经存在
[2018-07-31 15:49:35,548][MainThread:140736040833920][default:INFO(114)]
[Index:get]:当前计算日期：2018-07-30<br>当前时间：2018-07-31 15:03:32<br>当前bid：183<br>当前分析器id：269<br>计算分析器名称：33<br>#####start#####循环字方法分析数据##########<br>********************************<br>计算当前的节点名称:店铺<br>当前计算是：店铺--pos<br>从数据库中取出数据:511<br>实例化到Pandas中数据有:511<br>在选择的店铺pos的数据有:7<br>userId去重后活跃数据有:3<br>所有用户数据:125725<br>pos数据于用户数据交集后:0<br>节点的第一个，返回自己的数据:0<br>analysis_pos_shops方法返回来数据条数:0<br>********************************<br>#####end#####循环字方法分析数据##########<br>所有子方法执行后返回来数据条数:0<br>所有计算完事后返回数据是空总计执行时间:3.1661999225616455秒<br>
[2018-07-31 15:54:16,234][MainThread:140736040833920][default:INFO(222)]
[Index:checkTableName]:bid:183的表已经存在
