[2018-07-30 14:00:20,013][MainThread:140736040833920][default:INFO(216)]
[Index:checkTableName]:bid:183的表已经存在
[2018-07-30 14:00:40,608][MainThread:140736040833920][default:INFO(216)]
[Index:checkTableName]:bid:183的表已经存在
[2018-07-30 14:00:48,054][MainThread:140736040833920][default:INFO(216)]
[Index:checkTableName]:bid:183的表已经存在
[2018-07-30 14:02:28,380][MainThread:140736040833920][default:INFO(216)]
[Index:checkTableName]:bid:183的表已经存在
[2018-07-30 14:03:03,197][MainThread:140736040833920][default:INFO(216)]
[Index:checkTableName]:bid:183的表已经存在
[2018-07-30 14:08:28,772][MainThread:140736040833920][default:INFO(216)]
[Index:checkTableName]:bid:183的表已经存在
[2018-07-30 14:08:44,101][MainThread:140736040833920][default:INFO(216)]
[Index:checkTableName]:bid:183的表已经存在
[2018-07-30 14:11:02,949][MainThread:140736040833920][default:INFO(216)]
[Index:checkTableName]:bid:183的表已经存在
[2018-07-30 14:11:13,364][MainThread:140736040833920][default:INFO(216)]
[Index:checkTableName]:bid:183的表已经存在
[2018-07-30 14:12:45,177][MainThread:140736040833920][default:INFO(216)]
[Index:checkTableName]:bid:183的表已经存在
[2018-07-30 14:12:52,504][MainThread:140736040833920][default:INFO(216)]
[Index:checkTableName]:bid:183的表已经存在
[2018-07-30 14:13:08,722][MainThread:140736040833920][default:INFO(216)]
[Index:checkTableName]:bid:183的表已经存在
[2018-07-30 14:13:13,803][MainThread:140736040833920][default:INFO(216)]
[Index:checkTableName]:bid:183的表已经存在
[2018-07-30 15:09:46,694][MainThread:140736040833920][default:INFO(216)]
[Index:checkTableName]:bid:183的表已经存在
[2018-07-30 15:09:54,741][MainThread:140736040833920][default:INFO(216)]
[Index:checkTableName]:bid:183的表已经存在
[2018-07-30 15:10:44,391][MainThread:140736040833920][default:INFO(216)]
[Index:checkTableName]:bid:183的表已经存在
[2018-07-30 15:10:44,422][MainThread:140736040833920][default:WARNING(102)]
[Index:get]:time data '2018-07-29 14:01' does not match format '%Y-%m-%d %H:%M:%S'
[2018-07-30 15:11:27,736][MainThread:140736040833920][default:INFO(216)]
[Index:checkTableName]:bid:183的表已经存在
[2018-07-30 15:12:34,591][MainThread:140736040833920][default:INFO(216)]
[Index:checkTableName]:bid:183的表已经存在
[2018-07-30 15:12:40,866][MainThread:140736040833920][default:INFO(216)]
[Index:checkTableName]:bid:183的表已经存在
[2018-07-30 15:18:18,734][MainThread:140736040833920][default:INFO(216)]
[Index:checkTableName]:bid:183的表已经存在
[2018-07-30 15:18:24,732][MainThread:140736040833920][default:INFO(216)]
[Index:checkTableName]:bid:183的表已经存在
[2018-07-30 15:19:36,720][MainThread:140736040833920][default:INFO(216)]
[Index:checkTableName]:bid:183的表已经存在
[2018-07-30 15:19:42,419][MainThread:140736040833920][default:INFO(216)]
[Index:checkTableName]:bid:183的表已经存在
[2018-07-30 15:19:52,682][MainThread:140736040833920][default:INFO(187)]
[Index:get]:当前计算日期：2018-07-29<br>当前时间：2018-07-30 15:03:42<br>当前bid：183<br>当前分析器id：261<br>计算分析器名称：3<br>#####start#####循环字方法分析数据##########<br>********************************<br>计算当前的节点名称:下午：14点半-17点半<br>当前计算是：组件--活跃 时间段<br>所有活跃数据:104880<br>通过uid去重后数据:2926<br>所有已经关注的数据:52964<br>活跃数据于微信用户数据交集后数据有:2684<br>所有已经关注的数据:52964<br>商圈的所有注册用户数据有:125725<br>微信数据于用户数据交集后:2684<br>节点的第一个，返回自己的数据:2684<br>analysis_component_active_time方法返回来数据条数:2684<br>********************************<br>#####end#####循环字方法分析数据##########<br>所有子方法执行后返回来数据条数:2684<br>注册用户数据:2684<br>微信用户数据:0<br>注册用户数据其中有openid的数据有:2698<br>微信数据其中有用户基础数据的有:0<br>微信数据和用户基础数据拼接后:2698<br>写入数据库有:2698<br>总计执行时间:10.27623200416565秒<br>
[2018-07-30 16:04:37,943][MainThread:140736040833920][default:INFO(216)]
[Index:checkTableName]:bid:183的表已经存在
[2018-07-30 16:04:42,782][MainThread:140736040833920][default:WARNING(102)]
[Index:get]:'userType'
[2018-07-30 16:06:39,379][MainThread:140736040833920][default:INFO(216)]
[Index:checkTableName]:bid:183的表已经存在
[2018-07-30 16:08:00,077][MainThread:140736040833920][default:INFO(216)]
[Index:checkTableName]:bid:183的表已经存在
[2018-07-30 16:08:05,437][MainThread:140736040833920][default:INFO(216)]
[Index:checkTableName]:bid:183的表已经存在
[2018-07-30 16:09:35,039][MainThread:140736040833920][default:INFO(216)]
[Index:checkTableName]:bid:183的表已经存在
[2018-07-30 16:09:40,787][MainThread:140736040833920][default:INFO(216)]
[Index:checkTableName]:bid:183的表已经存在
[2018-07-30 16:09:47,446][MainThread:140736040833920][default:WARNING(102)]
[Index:get]:'userId'
[2018-07-30 16:11:41,972][MainThread:140736040833920][default:INFO(216)]
[Index:checkTableName]:bid:183的表已经存在
[2018-07-30 16:11:47,227][MainThread:140736040833920][default:WARNING(102)]
[Index:get]:'userId'
[2018-07-30 16:12:57,406][MainThread:140736040833920][default:INFO(216)]
[Index:checkTableName]:bid:183的表已经存在
[2018-07-30 16:14:57,353][MainThread:140736040833920][default:INFO(216)]
[Index:checkTableName]:bid:183的表已经存在
[2018-07-30 16:15:02,924][MainThread:140736040833920][default:INFO(216)]
[Index:checkTableName]:bid:183的表已经存在
[2018-07-30 16:19:20,908][MainThread:140736040833920][default:INFO(216)]
[Index:checkTableName]:bid:183的表已经存在
[2018-07-30 16:19:26,578][MainThread:140736040833920][default:INFO(216)]
[Index:checkTableName]:bid:183的表已经存在
[2018-07-30 16:19:35,382][MainThread:140736040833920][default:INFO(115)]
[Index:get]:当前计算日期：2018-07-29<br>当前时间：2018-07-30 16:04:26<br>当前bid：183<br>当前分析器id：262<br>计算分析器名称：1<br>#####start#####循环字方法分析数据##########<br>********************************<br>计算当前的节点名称:活跃<br>当前计算是：活跃<br>所有活跃数据:200000<br>通过uid去重后数据:5481<br>所有微信数据:5481<br>所有已经关注微信的数据:52964<br>活跃数据于微信用户数据交集后数据有:5043<br>用户数据有:0<br>用户数据和用户数据合并后数据有:0<br>商圈的所有注册用户数据有:125725<br>活跃数据于用户数据交集后:0<br>节点的第一个，返回自己的数据:0<br>analysis_user_active方法返回来数据条数:0<br>********************************<br>#####end#####循环字方法分析数据##########<br>所有子方法执行后返回来数据条数:0<br>所有计算完事后返回数据是空总计执行时间:8.81489109992981秒<br>
[2018-07-30 16:23:53,993][MainThread:140736040833920][default:INFO(216)]
[Index:checkTableName]:bid:183的表已经存在
[2018-07-30 16:28:23,039][MainThread:140736040833920][default:INFO(216)]
[Index:checkTableName]:bid:183的表已经存在
[2018-07-30 16:28:30,926][MainThread:140736040833920][default:WARNING(102)]
[Index:get]:'userId'
[2018-07-30 16:29:52,814][MainThread:140736040833920][default:INFO(216)]
[Index:checkTableName]:bid:183的表已经存在
[2018-07-30 16:31:41,949][MainThread:140736040833920][default:INFO(216)]
[Index:checkTableName]:bid:183的表已经存在
[2018-07-30 16:37:15,136][MainThread:140736040833920][default:INFO(216)]
[Index:checkTableName]:bid:183的表已经存在
[2018-07-30 16:37:20,203][MainThread:140736040833920][default:INFO(216)]
[Index:checkTableName]:bid:183的表已经存在
[2018-07-30 16:40:22,299][MainThread:140736040833920][default:INFO(216)]
[Index:checkTableName]:bid:183的表已经存在
[2018-07-30 16:40:30,731][MainThread:140736040833920][default:INFO(216)]
[Index:checkTableName]:bid:183的表已经存在
[2018-07-30 16:41:53,009][MainThread:140736040833920][default:INFO(216)]
[Index:checkTableName]:bid:183的表已经存在
[2018-07-30 16:41:59,895][MainThread:140736040833920][default:INFO(216)]
[Index:checkTableName]:bid:183的表已经存在
[2018-07-30 16:43:33,731][MainThread:140736040833920][default:INFO(216)]
[Index:checkTableName]:bid:183的表已经存在
[2018-07-30 16:44:00,937][MainThread:140736040833920][default:INFO(216)]
[Index:checkTableName]:bid:183的表已经存在
[2018-07-30 16:45:56,041][MainThread:140736040833920][default:INFO(216)]
[Index:checkTableName]:bid:183的表已经存在
[2018-07-30 16:47:40,534][MainThread:140736040833920][default:INFO(216)]
[Index:checkTableName]:bid:183的表已经存在
[2018-07-30 16:48:07,646][MainThread:140736040833920][default:INFO(216)]
[Index:checkTableName]:bid:183的表已经存在
[2018-07-30 16:48:13,838][MainThread:140736040833920][default:INFO(216)]
[Index:checkTableName]:bid:183的表已经存在
[2018-07-30 16:48:26,550][MainThread:140736040833920][default:INFO(187)]
[Index:get]:当前计算日期：2018-07-29<br>当前时间：2018-07-30 16:04:13<br>当前bid：183<br>当前分析器id：262<br>计算分析器名称：1<br>#####start#####循环字方法分析数据##########<br>********************************<br>计算当前的节点名称:活跃<br>当前计算是：活跃<br>所有活跃数据:200000<br>通过uid去重后数据:5481<br>所有微信数据:5481<br>所有已经关注微信的数据:52964<br>活跃数据于微信用户数据交集后数据有:5043<br>活跃注册用户数据有:0<br>活跃注册用户于所有注册用户交集数据有:0<br>用户数据和用户数据合并后数据有:5043<br>商圈的所有注册用户数据有:125725<br>活跃数据于用户数据交集后:5040<br>节点的第一个，返回自己的数据:5040<br>analysis_user_active方法返回来数据条数:5040<br>********************************<br>#####end#####循环字方法分析数据##########<br>所有子方法执行后返回来数据条数:5040<br>注册用户数据:5040<br>微信用户数据:0<br>注册用户数据其中有openid的数据有:5066<br>微信数据其中有用户基础数据的有:0<br>微信数据和用户基础数据拼接后:5066<br>写入数据库有:5066<br>总计执行时间:12.7228422164917秒<br>
[2018-07-30 16:54:41,815][MainThread:140736040833920][default:INFO(216)]
[Index:checkTableName]:bid:183的表已经存在
[2018-07-30 16:54:41,842][MainThread:140736040833920][default:WARNING(102)]
[Index:get]:_user_active() takes 8 positional arguments but 9 were given
[2018-07-30 16:54:56,025][MainThread:140736040833920][default:INFO(216)]
[Index:checkTableName]:bid:183的表已经存在
[2018-07-30 16:55:08,180][MainThread:140736040833920][default:INFO(187)]
[Index:get]:当前计算日期：2018-07-29<br>当前时间：2018-07-30 16:04:56<br>当前bid：183<br>当前分析器id：262<br>计算分析器名称：1<br>#####start#####循环字方法分析数据##########<br>********************************<br>计算当前的节点名称:活跃<br>当前计算是：活跃<br>所有活跃数据:200000<br>通过uid去重后数据:5481<br>所有微信数据:5481<br>所有已经关注微信的数据:52964<br>活跃数据于微信用户数据交集后数据有:5043<br>活跃注册用户数据有:0<br>活跃注册用户于所有注册用户交集数据有:0<br>用户数据和用户数据合并后数据有:5043<br>商圈的所有注册用户数据有:125725<br>活跃数据于用户数据交集后:5040<br>节点的第一个，返回自己的数据:5040<br>analysis_user_active方法返回来数据条数:5040<br>********************************<br>#####end#####循环字方法分析数据##########<br>所有子方法执行后返回来数据条数:5040<br>注册用户数据:5040<br>微信用户数据:0<br>注册用户数据其中有openid的数据有:5066<br>微信数据其中有用户基础数据的有:0<br>微信数据和用户基础数据拼接后:5066<br>写入数据库有:5066<br>总计执行时间:12.169364929199219秒<br>
[2018-07-30 16:57:48,402][MainThread:140736040833920][default:INFO(216)]
[Index:checkTableName]:bid:183的表已经存在
[2018-07-30 16:57:58,191][MainThread:140736040833920][default:INFO(187)]
[Index:get]:当前计算日期：2018-07-29<br>当前时间：2018-07-30 16:04:48<br>当前bid：183<br>当前分析器id：263<br>计算分析器名称：33<br>#####start#####循环字方法分析数据##########<br>********************************<br>计算当前的节点名称:1周<br>当前计算是：活跃区间<br>所有活跃数据:126819<br>通过uid去重后数据:3498<br>所有微信数据:3498<br>所有已经关注微信的数据:52964<br>活跃数据于微信用户数据交集后数据有:3224<br>活跃注册用户数据有:0<br>活跃注册用户于所有注册用户交集数据有:0<br>用户数据和用户数据合并后数据有:3224<br>商圈的所有注册用户数据有:125725<br>活跃数据于用户数据交集后:3224<br>节点的第一个，返回自己的数据:3224<br>analysis_user_active_between方法返回来数据条数:3224<br>********************************<br>#####end#####循环字方法分析数据##########<br>所有子方法执行后返回来数据条数:3224<br>注册用户数据:3224<br>微信用户数据:0<br>注册用户数据其中有openid的数据有:3241<br>微信数据其中有用户基础数据的有:0<br>微信数据和用户基础数据拼接后:3241<br>写入数据库有:3241<br>总计执行时间:9.800292015075684秒<br>
[2018-07-30 17:28:01,315][MainThread:140736040833920][default:INFO(216)]
[Index:checkTableName]:bid:183的表已经存在
[2018-07-30 17:28:23,476][MainThread:140736040833920][default:INFO(187)]
[Index:get]:当前计算日期：2018-07-29<br>当前时间：2018-07-30 17:05:01<br>当前bid：183<br>当前分析器id：264<br>计算分析器名称：3<br>#####start#####循环字方法分析数据##########<br>********************************<br>计算当前的节点名称:3日<br>当前计算是：非活跃区间<br>所有活跃数据:0<br>通过uid去重后数据:0<br>所有微信数据:0<br>所有已经关注微信的数据:52964<br>活跃数据于微信用户数据交集后数据有:0<br>活跃注册用户数据有:0<br>活跃注册用户于所有注册用户交集数据有:0<br>用户数据和用户数据合并后数据有:0<br>商圈的所有注册用户数据有:125725<br>活跃数据于用户数据交集后:0<br>活跃区间数据和所有用户数据得出差集就是非活跃区间用户数:125725<br>节点的第一个，返回自己的数据:125725<br>analysis_user_not_active_between方法返回来数据条数:125725<br>********************************<br>#####end#####循环字方法分析数据##########<br>所有子方法执行后返回来数据条数:125725<br>注册用户数据:125725<br>微信用户数据:0<br>注册用户数据其中有openid的数据有:56921<br>微信数据其中有用户基础数据的有:0<br>微信数据和用户基础数据拼接后:56921<br>写入数据库有:56921<br>总计执行时间:22.172409296035767秒<br>
[2018-07-30 17:29:11,472][MainThread:140736040833920][default:INFO(216)]
[Index:checkTableName]:bid:183的表已经存在
[2018-07-30 17:29:32,370][MainThread:140736040833920][default:INFO(187)]
[Index:get]:当前计算日期：2018-07-29<br>当前时间：2018-07-30 17:05:11<br>当前bid：183<br>当前分析器id：265<br>计算分析器名称：3<br>#####start#####循环字方法分析数据##########<br>********************************<br>计算当前的节点名称:1月<br>当前计算是：非活跃区间<br>所有活跃数据:200000<br>通过uid去重后数据:5481<br>所有微信数据:5481<br>所有已经关注微信的数据:52964<br>活跃数据于微信用户数据交集后数据有:5043<br>活跃注册用户数据有:0<br>活跃注册用户于所有注册用户交集数据有:0<br>用户数据和用户数据合并后数据有:5043<br>商圈的所有注册用户数据有:125725<br>活跃数据于用户数据交集后:5040<br>活跃区间数据和所有用户数据得出差集就是非活跃区间用户数:120685<br>节点的第一个，返回自己的数据:120685<br>analysis_user_not_active_between方法返回来数据条数:120685<br>********************************<br>#####end#####循环字方法分析数据##########<br>所有子方法执行后返回来数据条数:120685<br>注册用户数据:120685<br>微信用户数据:0<br>注册用户数据其中有openid的数据有:51855<br>微信数据其中有用户基础数据的有:0<br>微信数据和用户基础数据拼接后:51855<br>写入数据库有:51855<br>总计执行时间:20.899492263793945秒<br>
[2018-07-30 17:34:20,739][MainThread:140736040833920][default:INFO(216)]
[Index:checkTableName]:bid:183的表已经存在
[2018-07-30 17:39:12,019][MainThread:140736040833920][default:INFO(216)]
[Index:checkTableName]:bid:183的表已经存在
[2018-07-30 17:39:12,029][MainThread:140736040833920][default:ERROR(77)]
[CommonAnalysis:get_str_to_stime]:1.计算时间时不含有dayStr字符串{'countStart': 2, 'not_active': 1}
[2018-07-30 17:39:19,442][MainThread:140736040833920][default:INFO(216)]
[Index:checkTableName]:bid:183的表已经存在
[2018-07-30 17:39:19,449][MainThread:140736040833920][default:ERROR(77)]
[CommonAnalysis:get_str_to_stime]:1.计算时间时不含有dayStr字符串{'countStart': 2, 'not_active': 1}
[2018-07-30 17:39:37,038][MainThread:140736040833920][default:INFO(187)]
[Index:get]:当前计算日期：2018-07-29<br>当前时间：2018-07-30 17:05:19<br>当前bid：183<br>当前分析器id：266<br>计算分析器名称：22<br>#####start#####循环字方法分析数据##########<br>********************************<br>计算当前的节点名称:标准活跃<br>当前计算是：活跃等级<br>所有活跃数据:0<br>通过uid去重后数据:0<br>活跃等级大于2的数据有:0<br>所有微信数据:0<br>所有已经关注微信的数据:52964<br>活跃数据于微信用户数据交集后数据有:0<br>活跃注册用户数据有:0<br>活跃注册用户于所有注册用户交集数据有:0<br>用户数据和用户数据合并后数据有:0<br>商圈的所有注册用户数据有:125725<br>活跃数据于用户数据交集后:0<br>活跃区间数据和所有用户数据得出差集就是非活跃区间用户数:125725<br>节点的第一个，返回自己的数据:125725<br>analysis_user_active_level方法返回来数据条数:125725<br>********************************<br>#####end#####循环字方法分析数据##########<br>所有子方法执行后返回来数据条数:125725<br>注册用户数据:125725<br>微信用户数据:0<br>注册用户数据其中有openid的数据有:56921<br>微信数据其中有用户基础数据的有:0<br>微信数据和用户基础数据拼接后:56921<br>写入数据库有:56921<br>总计执行时间:17.60718584060669秒<br>
[2018-07-30 17:40:30,651][MainThread:140736040833920][default:INFO(216)]
[Index:checkTableName]:bid:183的表已经存在
[2018-07-30 17:40:30,659][MainThread:140736040833920][default:ERROR(77)]
[CommonAnalysis:get_str_to_stime]:1.计算时间时不含有dayStr字符串{'countStart': 2}
[2018-07-30 17:40:36,665][MainThread:140736040833920][default:INFO(115)]
[Index:get]:当前计算日期：2018-07-29<br>当前时间：2018-07-30 17:05:30<br>当前bid：183<br>当前分析器id：266<br>计算分析器名称：22<br>#####start#####循环字方法分析数据##########<br>********************************<br>计算当前的节点名称:标准活跃<br>当前计算是：活跃等级<br>所有活跃数据:0<br>通过uid去重后数据:0<br>活跃等级大于2的数据有:0<br>所有微信数据:0<br>所有已经关注微信的数据:52964<br>活跃数据于微信用户数据交集后数据有:0<br>活跃注册用户数据有:0<br>活跃注册用户于所有注册用户交集数据有:0<br>用户数据和用户数据合并后数据有:0<br>商圈的所有注册用户数据有:125725<br>活跃数据于用户数据交集后:0<br>节点的第一个，返回自己的数据:0<br>analysis_user_active_level方法返回来数据条数:0<br>********************************<br>#####end#####循环字方法分析数据##########<br>所有子方法执行后返回来数据条数:0<br>所有计算完事后返回数据是空总计执行时间:6.024349927902222秒<br>
[2018-07-30 17:41:10,674][MainThread:140736040833920][default:INFO(216)]
[Index:checkTableName]:bid:183的表已经存在
[2018-07-30 17:41:30,601][MainThread:140736040833920][default:INFO(187)]
[Index:get]:当前计算日期：2018-07-29<br>当前时间：2018-07-30 17:05:10<br>当前bid：183<br>当前分析器id：266<br>计算分析器名称：22<br>#####start#####循环字方法分析数据##########<br>********************************<br>计算当前的节点名称:标准活跃<br>当前计算是：活跃等级<br>所有活跃数据:200000<br>通过uid去重后数据:5481<br>活跃等级大于2的数据有:5477<br>所有微信数据:5477<br>所有已经关注微信的数据:52964<br>活跃数据于微信用户数据交集后数据有:5039<br>活跃注册用户数据有:0<br>活跃注册用户于所有注册用户交集数据有:0<br>用户数据和用户数据合并后数据有:5039<br>商圈的所有注册用户数据有:125725<br>活跃数据于用户数据交集后:5036<br>节点的第一个，返回自己的数据:5036<br>analysis_user_active_level方法返回来数据条数:5036<br>********************************<br>#####end#####循环字方法分析数据##########<br>所有子方法执行后返回来数据条数:5036<br>注册用户数据:5036<br>微信用户数据:0<br>注册用户数据其中有openid的数据有:5062<br>微信数据其中有用户基础数据的有:0<br>微信数据和用户基础数据拼接后:5062<br>写入数据库有:5062<br>总计执行时间:19.939690828323364秒<br>
