[2018-07-26 14:36:25,117][MainThread:140736079606656][default:INFO(216)]
[Index:checkTableName]:bid:183的表已经存在
[2018-07-26 14:36:26,583][MainThread:140736079606656][default:WARNING(102)]
[Index:get]:not enough values to unpack (expected 3, got 0)
[2018-07-26 14:36:52,425][MainThread:140736079606656][default:INFO(216)]
[Index:checkTableName]:bid:183的表已经存在
[2018-07-26 15:00:41,271][MainThread:140736079606656][default:INFO(216)]
[Index:checkTableName]:bid:183的表已经存在
[2018-07-26 15:00:46,926][MainThread:140736079606656][default:INFO(216)]
[Index:checkTableName]:bid:183的表已经存在
[2018-07-26 15:00:55,811][MainThread:140736079606656][default:INFO(187)]
[Index:get]:当前计算日期：2018-07-25<br>当前时间：2018-07-26 15:03:46<br>当前bid：183<br>当前分析器id：243<br>计算分析器名称：订单管理<br>#####start#####循环字方法分析数据##########<br>********************************<br>计算当前的节点名称:业态<br>当前计算是：卡券使用频率/倾向--业态<br>通过业态找到:197个店铺<br>默认查询一个星期的卡券操作记录<br>从卡券操作log数据库中取出数据:44117<br>实例化到Pandas中数据有:44117<br>在选择的店铺业态中国的数据有:4381<br>userId去重后数据有:1023<br>商圈的所有注册用户数据有:125725<br>所有注册用户与积分来源数据交集后:1023<br>节点的第一个，返回自己的数据:1023<br>analysis_coupons_use_yetai方法返回来数据条数:1023<br>********************************<br>#####end#####循环字方法分析数据##########<br>所有子方法执行后返回来数据条数:1023<br>注册用户数据:1023<br>微信用户数据:0<br>注册用户数据其中有openid的数据有:1030<br>微信数据其中有用户基础数据的有:0<br>微信数据和用户基础数据拼接后:1030<br>写入数据库有:1030<br>总计执行时间:8.913519144058228秒<br>
[2018-07-26 15:45:56,520][MainThread:140736079606656][default:INFO(216)]
[Index:checkTableName]:bid:183的表已经存在
[2018-07-26 15:46:02,797][MainThread:140736079606656][default:INFO(187)]
[Index:get]:当前计算日期：2018-07-25<br>当前时间：2018-07-26 15:03:56<br>当前bid：183<br>当前分析器id：243<br>计算分析器名称：订单管理<br>#####start#####循环字方法分析数据##########<br>********************************<br>计算当前的节点名称:业态<br>当前计算是：卡券使用频率/倾向--业态<br>通过业态找到:197个店铺<br>默认查询一个星期的卡券操作记录<br>从卡券操作log数据库中取出数据:10873<br>实例化到Pandas中数据有:10873<br>在选择的店铺业态中国的数据有:1166<br>userId去重后数据有:827<br>商圈的所有注册用户数据有:125725<br>所有注册用户与积分来源数据交集后:827<br>节点的第一个，返回自己的数据:827<br>analysis_coupons_use_yetai方法返回来数据条数:827<br>********************************<br>#####end#####循环字方法分析数据##########<br>所有子方法执行后返回来数据条数:827<br>注册用户数据:827<br>微信用户数据:0<br>注册用户数据其中有openid的数据有:834<br>微信数据其中有用户基础数据的有:0<br>微信数据和用户基础数据拼接后:834<br>写入数据库有:834<br>总计执行时间:6.299728870391846秒<br>
[2018-07-26 15:55:04,972][MainThread:140736079606656][default:INFO(216)]
[Index:checkTableName]:bid:183的表已经存在
[2018-07-26 15:55:11,241][MainThread:140736079606656][default:INFO(187)]
[Index:get]:当前计算日期：2018-07-25<br>当前时间：2018-07-26 15:03:04<br>当前bid：183<br>当前分析器id：244<br>计算分析器名称：3<br>#####start#####循环字方法分析数据##########<br>********************************<br>计算当前的节点名称:业态<br>当前计算是：卡券领用频率/倾向--业态<br>通过业态找到:197个店铺<br>默认查询一个星期的卡券操作记录<br>从卡券操作log数据库中取出数据:18539<br>实例化到Pandas中数据有:18539<br>在选择的店铺业态中国的数据有:1380<br>userId去重后数据有:976<br>商圈的所有注册用户数据有:125725<br>所有注册用户与积分来源数据交集后:976<br>节点的第一个，返回自己的数据:976<br>analysis_coupons_receive_yetai方法返回来数据条数:976<br>********************************<br>#####end#####循环字方法分析数据##########<br>所有子方法执行后返回来数据条数:976<br>注册用户数据:976<br>微信用户数据:0<br>注册用户数据其中有openid的数据有:983<br>微信数据其中有用户基础数据的有:0<br>微信数据和用户基础数据拼接后:983<br>写入数据库有:983<br>总计执行时间:6.285032033920288秒<br>
[2018-07-26 15:55:47,544][MainThread:140736079606656][default:INFO(216)]
[Index:checkTableName]:bid:183的表已经存在
[2018-07-26 15:55:53,802][MainThread:140736079606656][default:INFO(187)]
[Index:get]:当前计算日期：2018-07-25<br>当前时间：2018-07-26 15:03:47<br>当前bid：183<br>当前分析器id：245<br>计算分析器名称：3<br>#####start#####循环字方法分析数据##########<br>********************************<br>计算当前的节点名称:业态<br>当前计算是：卡券存留数量/倾向--业态<br>通过业态找到:197个店铺<br>默认查询一个星期的卡券操作记录<br>从卡券操作log数据库中取出数据:44117<br>实例化到Pandas中数据有:44117<br>在选择的店铺业态中国的数据有:4381<br>userId去重后数据有:1023<br>商圈的所有注册用户数据有:125725<br>所有注册用户与积分来源数据交集后:1023<br>节点的第一个，返回自己的数据:1023<br>analysis_coupons_persistence_yetai方法返回来数据条数:1023<br>********************************<br>#####end#####循环字方法分析数据##########<br>所有子方法执行后返回来数据条数:1023<br>注册用户数据:1023<br>微信用户数据:0<br>注册用户数据其中有openid的数据有:1030<br>微信数据其中有用户基础数据的有:0<br>微信数据和用户基础数据拼接后:1030<br>写入数据库有:1030<br>总计执行时间:6.259699821472168秒<br>
[2018-07-26 15:56:38,868][MainThread:140736079606656][default:INFO(216)]
[Index:checkTableName]:bid:183的表已经存在
[2018-07-26 15:56:44,508][MainThread:140736079606656][default:INFO(187)]
[Index:get]:当前计算日期：2018-07-25<br>当前时间：2018-07-26 15:03:38<br>当前bid：183<br>当前分析器id：246<br>计算分析器名称：3<br>#####start#####循环字方法分析数据##########<br>********************************<br>计算当前的节点名称:业态<br>当前计算是：卡券过期数量/倾向--业态<br>通过业态找到:197个店铺<br>默认查询一个星期的卡券操作记录<br>从卡券操作log数据库中取出数据:14705<br>实例化到Pandas中数据有:14705<br>在选择的店铺业态中国的数据有:1835<br>userId去重后数据有:763<br>商圈的所有注册用户数据有:125725<br>所有注册用户与积分来源数据交集后:763<br>节点的第一个，返回自己的数据:763<br>analysis_coupons_overdue_yetai方法返回来数据条数:763<br>********************************<br>#####end#####循环字方法分析数据##########<br>所有子方法执行后返回来数据条数:763<br>注册用户数据:763<br>微信用户数据:0<br>注册用户数据其中有openid的数据有:769<br>微信数据其中有用户基础数据的有:0<br>微信数据和用户基础数据拼接后:769<br>写入数据库有:769<br>总计执行时间:5.642085790634155秒<br>
[2018-07-26 17:03:52,533][MainThread:140736079606656][default:INFO(216)]
[Index:checkTableName]:bid:183的表已经存在
[2018-07-26 17:03:52,599][MainThread:140736079606656][default:INFO(115)]
[Index:get]:当前计算日期：2018-07-25<br>当前时间：2018-07-26 17:05:52<br>当前bid：183<br>当前分析器id：247<br>计算分析器名称：3<br>#####start#####循环字方法分析数据##########<br>********************************<br>计算当前的节点名称:卡卷来源<br>当前计算是：卡券使用频率/倾向--来源<br>通过业态没有找到店铺<br>analysis_coupons_use_from方法返回来数据条数:0<br>********************************<br>#####end#####循环字方法分析数据##########<br>所有子方法执行后返回来数据条数:0<br>所有计算完事后返回数据是空总计执行时间:0.07762813568115234秒<br>
[2018-07-26 17:04:23,503][MainThread:140736079606656][default:INFO(216)]
[Index:checkTableName]:bid:183的表已经存在
[2018-07-26 17:04:24,032][MainThread:140736079606656][default:WARNING(102)]
[Index:get]:invalid type comparison
[2018-07-26 17:06:17,353][MainThread:140736079606656][default:INFO(216)]
[Index:checkTableName]:bid:183的表已经存在
[2018-07-26 17:07:17,826][MainThread:140736079606656][default:INFO(216)]
[Index:checkTableName]:bid:183的表已经存在
[2018-07-26 17:07:25,566][MainThread:140736079606656][default:INFO(216)]
[Index:checkTableName]:bid:183的表已经存在
[2018-07-26 17:07:34,677][MainThread:140736079606656][default:INFO(187)]
[Index:get]:当前计算日期：2018-07-25<br>当前时间：2018-07-26 17:05:25<br>当前bid：183<br>当前分析器id：247<br>计算分析器名称：3<br>#####start#####循环字方法分析数据##########<br>********************************<br>计算当前的节点名称:卡卷来源<br>当前计算是：卡券使用频率/倾向--来源<br>默认查询一个星期的卡券操作记录<br>从卡券操作log数据库中取出数据:10873<br>实例化到Pandas中数据有:10873<br>在选择的卡券来源的数据有:10873<br>userId去重后数据有:6346<br>商圈的所有注册用户数据有:125725<br>所有注册用户与积分来源数据交集后:6346<br>节点的第一个，返回自己的数据:6346<br>analysis_coupons_use_from方法返回来数据条数:6346<br>********************************<br>#####end#####循环字方法分析数据##########<br>所有子方法执行后返回来数据条数:6346<br>注册用户数据:6346<br>微信用户数据:0<br>注册用户数据其中有openid的数据有:6381<br>微信数据其中有用户基础数据的有:0<br>微信数据和用户基础数据拼接后:6381<br>写入数据库有:6381<br>总计执行时间:9.124009132385254秒<br>
[2018-07-26 17:10:01,617][MainThread:140736079606656][default:INFO(216)]
[Index:checkTableName]:bid:183的表已经存在
[2018-07-26 17:10:12,180][MainThread:140736079606656][default:INFO(187)]
[Index:get]:当前计算日期：2018-07-25<br>当前时间：2018-07-26 17:05:01<br>当前bid：183<br>当前分析器id：248<br>计算分析器名称：3<br>#####start#####循环字方法分析数据##########<br>********************************<br>计算当前的节点名称:业态<br>当前计算是：卡券使用频率/倾向--业态<br>通过业态找到:197个店铺<br>默认查询一个星期的卡券操作记录<br>从卡券操作log数据库中取出数据:10873<br>实例化到Pandas中数据有:10873<br>在选择的店铺业态中国的数据有:1166<br>userId去重后数据有:827<br>商圈的所有注册用户数据有:125725<br>所有注册用户与积分来源数据交集后:827<br>节点的第一个，返回自己的数据:827<br>analysis_coupons_use_yetai方法返回来数据条数:827<br>********************************<br>计算当前的节点名称:卡卷来源<br>当前计算是：卡券使用频率/倾向--来源<br>默认查询一个星期的卡券操作记录<br>从卡券操作log数据库中取出数据:10873<br>实例化到Pandas中数据有:10873<br>在选择的卡券来源的数据有:10873<br>userId去重后数据有:6346<br>商圈的所有注册用户数据有:125725<br>所有注册用户与积分来源数据交集后:6346<br>从上一个节点传过来数据:827<br>从上一个节点传过来数据交集后:614<br>analysis_coupons_use_from方法返回来数据条数:614<br>********************************<br>#####end#####循环字方法分析数据##########<br>所有子方法执行后返回来数据条数:614<br>注册用户数据:614<br>微信用户数据:0<br>注册用户数据其中有openid的数据有:619<br>微信数据其中有用户基础数据的有:0<br>微信数据和用户基础数据拼接后:619<br>写入数据库有:619<br>总计执行时间:10.576941013336182秒<br>
